>>a=[1 2 ; 3 4]
a = 1.00 2.00
    3.00 4.00

>>b=[5 6 ; 7 8]
b = 5.00 6.00
    7.00 8.00

>>a + b
Command “a + b” is not found!

>>a+b
---------------------------------------------------------------------------------------------------------------------------------------------
Exception in thread "AWT-EventQueue-0" java.lang.IllegalArgumentException: Cannot format given Object as a Number
        at java.base/java.text.DecimalFormat.format(DecimalFormat.java:515)
        at java.base/java.text.Format.format(Format.java:158)
        at MainWindow$CmdTextArea.keyTyped(MainWindow.java:709)
        at java.desktop/java.awt.Component.processKeyEvent(Component.java:6587)
        at java.desktop/javax.swing.JComponent.processKeyEvent(JComponent.java:2849)
        at java.desktop/java.awt.Component.processEvent(Component.java:6409)
        at java.desktop/java.awt.Container.processEvent(Container.java:2263)
        at java.desktop/java.awt.Component.dispatchEventImpl(Component.java:5008)
        at java.desktop/java.awt.Container.dispatchEventImpl(Container.java:2321)
        at java.desktop/java.awt.Component.dispatchEvent(Component.java:4840)
        at java.desktop/java.awt.KeyboardFocusManager.redispatchEvent(KeyboardFocusManager.java:1950)
        at java.desktop/java.awt.DefaultKeyboardFocusManager.dispatchKeyEvent(DefaultKeyboardFocusManager.java:870)
        at java.desktop/java.awt.DefaultKeyboardFocusManager.preDispatchKeyEvent(DefaultKeyboardFocusManager.java:1139)
        at java.desktop/java.awt.DefaultKeyboardFocusManager.typeAheadAssertions(DefaultKeyboardFocusManager.java:1009)
        at java.desktop/java.awt.DefaultKeyboardFocusManager.dispatchEvent(DefaultKeyboardFocusManager.java:835)
        at java.desktop/java.awt.Component.dispatchEventImpl(Component.java:4889)
        at java.desktop/java.awt.Container.dispatchEventImpl(Container.java:2321)
        at java.desktop/java.awt.Window.dispatchEventImpl(Window.java:2762)
        at java.desktop/java.awt.Component.dispatchEvent(Component.java:4840)
        at java.desktop/java.awt.EventQueue.dispatchEventImpl(EventQueue.java:772)
        at java.desktop/java.awt.EventQueue$4.run(EventQueue.java:721)
        at java.desktop/java.awt.EventQueue$4.run(EventQueue.java:715)
        at java.base/java.security.AccessController.doPrivileged(AccessController.java:389)
        at java.base/java.security.ProtectionDomain$JavaSecurityAccessImpl.doIntersectionPrivilege(ProtectionDomain.java:85)
        at java.base/java.security.ProtectionDomain$JavaSecurityAccessImpl.doIntersectionPrivilege(ProtectionDomain.java:95)
        at java.desktop/java.awt.EventQueue$5.run(EventQueue.java:745)
        at java.desktop/java.awt.EventQueue$5.run(EventQueue.java:743)
        at java.base/java.security.AccessController.doPrivileged(AccessController.java:389)
        at java.base/java.security.ProtectionDomain$JavaSecurityAccessImpl.doIntersectionPrivilege(ProtectionDomain.java:85)
        at java.desktop/java.awt.EventQueue.dispatchEvent(EventQueue.java:742)
        at java.desktop/java.awt.EventDispatchThread.pumpOneEventForFilters(EventDispatchThread.java:203)
        at java.desktop/java.awt.EventDispatchThread.pumpEventsForFilter(EventDispatchThread.java:124)
        at java.desktop/java.awt.EventDispatchThread.pumpEventsForHierarchy(EventDispatchThread.java:113)
        at java.desktop/java.awt.EventDispatchThread.pumpEvents(EventDispatchThread.java:109)
        at java.desktop/java.awt.EventDispatchThread.pumpEvents(EventDispatchThread.java:101)
        at java.desktop/java.awt.EventDispatchThread.run(EventDispatchThread.java:90)
---------------------------------------------------------------------------------------------------------------------------------------------

>>a+b
6.00 8.00
10.00 12.00

>>a - b
Command “a - b” is not found!

>>a-b
-4.00 -4.00
-4.00 -4.00

>>a * b
Command “a * b” is not found!

>>a*b
19.00 22.00
43.00 50.00

>>inv(a)

---------------------------------------------------------------------------------------------------------------------------------------------
Exception in thread "AWT-EventQueue-0" java.lang.IllegalArgumentException: Cannot format given Object as a Number
        at java.base/java.text.DecimalFormat.format(DecimalFormat.java:515)
        at java.base/java.text.Format.format(Format.java:158)
        at MainWindow$CmdTextArea.keyTyped(MainWindow.java:679)
        at java.desktop/java.awt.Component.processKeyEvent(Component.java:6587)
        at java.desktop/javax.swing.JComponent.processKeyEvent(JComponent.java:2849)
        at java.desktop/java.awt.Component.processEvent(Component.java:6409)
        at java.desktop/java.awt.Container.processEvent(Container.java:2263)
        at java.desktop/java.awt.Component.dispatchEventImpl(Component.java:5008)
        at java.desktop/java.awt.Container.dispatchEventImpl(Container.java:2321)
        at java.desktop/java.awt.Component.dispatchEvent(Component.java:4840)
        at java.desktop/java.awt.KeyboardFocusManager.redispatchEvent(KeyboardFocusManager.java:1950)
        at java.desktop/java.awt.DefaultKeyboardFocusManager.dispatchKeyEvent(DefaultKeyboardFocusManager.java:870)
        at java.desktop/java.awt.DefaultKeyboardFocusManager.preDispatchKeyEvent(DefaultKeyboardFocusManager.java:1139)
        at java.desktop/java.awt.DefaultKeyboardFocusManager.typeAheadAssertions(DefaultKeyboardFocusManager.java:1009)
        at java.desktop/java.awt.DefaultKeyboardFocusManager.dispatchEvent(DefaultKeyboardFocusManager.java:835)
        at java.desktop/java.awt.Component.dispatchEventImpl(Component.java:4889)
        at java.desktop/java.awt.Container.dispatchEventImpl(Container.java:2321)
        at java.desktop/java.awt.Window.dispatchEventImpl(Window.java:2762)
        at java.desktop/java.awt.Component.dispatchEvent(Component.java:4840)
        at java.desktop/java.awt.EventQueue.dispatchEventImpl(EventQueue.java:772)
        at java.desktop/java.awt.EventQueue$4.run(EventQueue.java:721)
        at java.desktop/java.awt.EventQueue$4.run(EventQueue.java:715)
        at java.base/java.security.AccessController.doPrivileged(AccessController.java:389)
        at java.base/java.security.ProtectionDomain$JavaSecurityAccessImpl.doIntersectionPrivilege(ProtectionDomain.java:85)
        at java.base/java.security.ProtectionDomain$JavaSecurityAccessImpl.doIntersectionPrivilege(ProtectionDomain.java:95)
        at java.desktop/java.awt.EventQueue$5.run(EventQueue.java:745)
        at java.desktop/java.awt.EventQueue$5.run(EventQueue.java:743)
        at java.base/java.security.AccessController.doPrivileged(AccessController.java:389)
        at java.base/java.security.ProtectionDomain$JavaSecurityAccessImpl.doIntersectionPrivilege(ProtectionDomain.java:85)
        at java.desktop/java.awt.EventQueue.dispatchEvent(EventQueue.java:742)
        at java.desktop/java.awt.EventDispatchThread.pumpOneEventForFilters(EventDispatchThread.java:203)
        at java.desktop/java.awt.EventDispatchThread.pumpEventsForFilter(EventDispatchThread.java:124)
        at java.desktop/java.awt.EventDispatchThread.pumpEventsForHierarchy(EventDispatchThread.java:113)
        at java.desktop/java.awt.EventDispatchThread.pumpEvents(EventDispatchThread.java:109)
        at java.desktop/java.awt.EventDispatchThread.pumpEvents(EventDispatchThread.java:101)
        at java.desktop/java.awt.EventDispatchThread.run(EventDispatchThread.java:90)
---------------------------------------------------------------------------------------------------------------------------------------------

>>inv(a)
-2.00 1.00 
1.50 -0.50

>>inv(b)
-4.00 3.00 
3.50 -2.50

>>a / b 
Command “a / b” is not found!

>>a/b 
3.00 -2.00 
2.00 -1.00 

>>b/a
-1.00 2.00 
-2.00 3.00 

>>c = [ 9 10 11 12 ; 13 14 15          16 ]
c = 9.00 10.00 11.00 12.00
    13.00 14.00 15.00 16.00

>>a+c

---------------------------------------------------------------------------------------------------------------------------------------------
Exception in thread "AWT-EventQueue-0" java.lang.NullPointerException
        at Matrix.<init>(Matrix.java:9)
        at MatrixArith.add(MatrixArith.java:22)
        at MainWindow$CmdTextArea.evaluateExpression(MainWindow.java:501)
        at MainWindow$CmdTextArea.keyTyped(MainWindow.java:701)
        at java.desktop/java.awt.Component.processKeyEvent(Component.java:6587)
        at java.desktop/javax.swing.JComponent.processKeyEvent(JComponent.java:2849)
        at java.desktop/java.awt.Component.processEvent(Component.java:6409)
        at java.desktop/java.awt.Container.processEvent(Container.java:2263)
        at java.desktop/java.awt.Component.dispatchEventImpl(Component.java:5008)
        at java.desktop/java.awt.Container.dispatchEventImpl(Container.java:2321)
        at java.desktop/java.awt.Component.dispatchEvent(Component.java:4840)
        at java.desktop/java.awt.KeyboardFocusManager.redispatchEvent(KeyboardFocusManager.java:1950)
        at java.desktop/java.awt.DefaultKeyboardFocusManager.dispatchKeyEvent(DefaultKeyboardFocusManager.java:870)
        at java.desktop/java.awt.DefaultKeyboardFocusManager.preDispatchKeyEvent(DefaultKeyboardFocusManager.java:1139)
        at java.desktop/java.awt.DefaultKeyboardFocusManager.typeAheadAssertions(DefaultKeyboardFocusManager.java:1009)
        at java.desktop/java.awt.DefaultKeyboardFocusManager.dispatchEvent(DefaultKeyboardFocusManager.java:835)
        at java.desktop/java.awt.Component.dispatchEventImpl(Component.java:4889)
        at java.desktop/java.awt.Container.dispatchEventImpl(Container.java:2321)
        at java.desktop/java.awt.Window.dispatchEventImpl(Window.java:2762)
        at java.desktop/java.awt.Component.dispatchEvent(Component.java:4840)
        at java.desktop/java.awt.EventQueue.dispatchEventImpl(EventQueue.java:772)
        at java.desktop/java.awt.EventQueue$4.run(EventQueue.java:721)
        at java.desktop/java.awt.EventQueue$4.run(EventQueue.java:715)
        at java.base/java.security.AccessController.doPrivileged(AccessController.java:389)
        at java.base/java.security.ProtectionDomain$JavaSecurityAccessImpl.doIntersectionPrivilege(ProtectionDomain.java:85)
        at java.base/java.security.ProtectionDomain$JavaSecurityAccessImpl.doIntersectionPrivilege(ProtectionDomain.java:95)
        at java.desktop/java.awt.EventQueue$5.run(EventQueue.java:745)
        at java.desktop/java.awt.EventQueue$5.run(EventQueue.java:743)
        at java.base/java.security.AccessController.doPrivileged(AccessController.java:389)
        at java.base/java.security.ProtectionDomain$JavaSecurityAccessImpl.doIntersectionPrivilege(ProtectionDomain.java:85)
        at java.desktop/java.awt.EventQueue.dispatchEvent(EventQueue.java:742)
        at java.desktop/java.awt.EventDispatchThread.pumpOneEventForFilters(EventDispatchThread.java:203)
        at java.desktop/java.awt.EventDispatchThread.pumpEventsForFilter(EventDispatchThread.java:124)
        at java.desktop/java.awt.EventDispatchThread.pumpEventsForHierarchy(EventDispatchThread.java:113)
        at java.desktop/java.awt.EventDispatchThread.pumpEvents(EventDispatchThread.java:109)
        at java.desktop/java.awt.EventDispatchThread.pumpEvents(EventDispatchThread.java:101)
        at java.desktop/java.awt.EventDispatchThread.run(EventDispatchThread.java:90)
---------------------------------------------------------------------------------------------------------------------------------------------

>>a+c 
Invalid operation.
All rows and columns must have the same number of elements.

>>a-c 
Invalid operation.
All rows and columns must have the same number of elements.

>>a*c 
35.00 38.00 41.00 44.00 
79.00 86.00 93.00 100.00 

>>inc(c)
Matrix “c” cannot be inversed.

>>a/c 
Invalid operation.
The row and column must have the same number of elements.

>>c/a
Invalid operation.
The row of maxtrix B and the column of matrix A must have the same number of elements.

>>d =[1 2 3,4 ;5   6 7 8; 9,10,11 12 ]
d = 1.00 2.00 3.00 4.00 
    5.00 6.00 7.00 8.00 
    9.00 10.00 11.00 12.00 

>>clear

>>cls

>>CLEAR 

>>CLS 

>>delete all

>>del all

>>DELETE ALL

>>DEL ALL

>>exit

>>EXIT

>>help

>>HELP

>>about 

>>ABOUT


